<?xml version="1.0" encoding="UTF-8" ?>
<testsuite tests="5" failures="0" name="BMITest" time="0.001" errors="0" skipped="0">
  <properties>
[...]
</properties>
  <testcase classname="BMITest" name="testCalculateBMI1" time="0.001"/>
  <testcase classname="BMITest" name="testCalculateBMI2" time="0"/>
  <testcase classname="BMITest" name="testCalculateBMI3" time="0"/>
  <testcase classname="BMITest" name="testCalculateBMI4" time="0"/>
  <testcase classname="BMITest" name="testCalculateBMI5" time="0"/>
</testsuite>